Arguments: 
  /home/linuxbrew/.linuxbrew/Cellar/node/19.8.1/bin/node /home/linuxbrew/.linuxbrew/Cellar/yarn/1.22.19/libexec/bin/yarn.js init

PATH: 
  /home/linuxbrew/.linuxbrew/lib/ruby/gems/3.2.0/bin:/home/linuxbrew/.linuxbrew/opt/ruby/bin:/home/jinheehan/vulkan/1.3.239.0/x86_64/bin:/home/jinheehan/.rbenv/shims:/home/linuxbrew/.linuxbrew/bin:/home/linuxbrew/.linuxbrew/sbin:/home/linuxbrew/.linuxbrew/lib/ruby/gems/3.2.0/bin:/home/linuxbrew/.linuxbrew/opt/ruby/bin:/home/jinheehan/vulkan/1.3.239.0/x86_64/bin:/home/jinheehan/.rbenv/shims:/home/jinheehan/.rbenv/bin:/home/linuxbrew/.linuxbrew/bin:/home/linuxbrew/.linuxbrew/sbin:/home/jinheehan/.cargo/bin:/usr/local/sbin:/usr/local/bin:/usr/sbin:/usr/bin:/sbin:/bin:/usr/games:/usr/local/games:/snap/bin:/snap/bin:/usr/local/go/bin:/usr/local/go/src:/home/jinheehan/go/bin:/usr/local/go/bin:/usr/local/go/src:/home/jinheehan/go/bin

Yarn version: 
  1.22.19

Node version: 
  19.8.1

Platform: 
  linux x64

Trace: 
  Error: canceled
      at Interface.<anonymous> (/home/linuxbrew/.linuxbrew/Cellar/yarn/1.22.19/libexec/lib/cli.js:137150:13)
      at Interface.emit (node:events:512:28)
      at [_ttyWrite] [as _ttyWrite] (node:internal/readline/interface:1132:18)
      at ReadStream.onkeypress (node:internal/readline/interface:271:20)
      at ReadStream.emit (node:events:512:28)
      at emitKeys (node:internal/readline/utils:357:14)
      at emitKeys.next (<anonymous>)
      at ReadStream.onData (node:internal/readline/emitKeypressEvents:64:36)
      at ReadStream.emit (node:events:512:28)
      at addChunk (node:internal/streams/readable:324:12)

npm manifest: 
  {
    "name": "ex-006-grpc",
    "version": "1.0.0",
    "description": "- brew install npm - npm init -y",
    "main": "index.js",
    "scripts": {
      "test": "echo \"Error: no test specified\" && exit 1"
    },
    "keywords": [],
    "author": "",
    "license": "ISC",
    "dependencies": {
      "mol-proto": "^0.2.0",
      "protobufjs": "^7.2.2"
    }
  }

yarn manifest: 
  No manifest

Lockfile: 
  No lockfile
